c:\myprojects\homecontroller2\w5500project\vsproject\mymqttproject\visualgdb\debug\mymqttproject.alldeps
c:\myprojects\homecontroller2\w5500project\vsproject\mymqttproject\visualgdb\debug\_3_\mylibraries\dhcp\dhcp.o
c:\myprojects\homecontroller2\w5500project\vsproject\mymqttproject\visualgdb\debug\_3_\mylibraries\dhcp\dhcp.dep
c:\myprojects\homecontroller2\w5500project\vsproject\mymqttproject\visualgdb\debug\_3_\mylibraries\dhcp\dhcp.gcc.rsp
c:\myprojects\homecontroller2\w5500project\vsproject\mymqttproject\visualgdb\debug\_3_\mylibraries\dns\dns.o
c:\myprojects\homecontroller2\w5500project\vsproject\mymqttproject\visualgdb\debug\_3_\mylibraries\dns\dns.dep
c:\myprojects\homecontroller2\w5500project\vsproject\mymqttproject\visualgdb\debug\_3_\mylibraries\dns\dns.gcc.rsp
c:\myprojects\homecontroller2\w5500project\vsproject\mymqttproject\visualgdb\debug\_3_\mylibraries\globaldefault.o
c:\myprojects\homecontroller2\w5500project\vsproject\mymqttproject\visualgdb\debug\_3_\mylibraries\mqttdrive.o
c:\myprojects\homecontroller2\w5500project\vsproject\mymqttproject\visualgdb\debug\_3_\mylibraries\globaldefault.dep
c:\myprojects\homecontroller2\w5500project\vsproject\mymqttproject\visualgdb\debug\_3_\mylibraries\mqttdrive.dep
c:\myprojects\homecontroller2\w5500project\vsproject\mymqttproject\visualgdb\debug\_3_\mylibraries\globaldefault.gcc.rsp
c:\myprojects\homecontroller2\w5500project\vsproject\mymqttproject\visualgdb\debug\_3_\mylibraries\mqttdrive.gcc.rsp
c:\myprojects\homecontroller2\w5500project\vsproject\mymqttproject\visualgdb\debug\_3_\mylibraries\mqtt\mqttclient.o
c:\myprojects\homecontroller2\w5500project\vsproject\mymqttproject\visualgdb\debug\_3_\mylibraries\mqtt\mqtt_interface.o
c:\myprojects\homecontroller2\w5500project\vsproject\mymqttproject\visualgdb\debug\_3_\mylibraries\mqtt\mqttclient.dep
c:\myprojects\homecontroller2\w5500project\vsproject\mymqttproject\visualgdb\debug\_3_\mylibraries\mqtt\mqtt_interface.dep
c:\myprojects\homecontroller2\w5500project\vsproject\mymqttproject\visualgdb\debug\_3_\mylibraries\mqtt\mqttclient.gcc.rsp
c:\myprojects\homecontroller2\w5500project\vsproject\mymqttproject\visualgdb\debug\_3_\mylibraries\mqtt\mqtt_interface.gcc.rsp
c:\myprojects\homecontroller2\w5500project\vsproject\mymqttproject\visualgdb\debug\_3_\mylibraries\mqtt\mqttpacket\src\mqttconnectclient.o
c:\myprojects\homecontroller2\w5500project\vsproject\mymqttproject\visualgdb\debug\_3_\mylibraries\mqtt\mqttpacket\src\mqttconnectserver.o
c:\myprojects\homecontroller2\w5500project\vsproject\mymqttproject\visualgdb\debug\_3_\mylibraries\mqtt\mqttpacket\src\mqttdeserializepublish.o
c:\myprojects\homecontroller2\w5500project\vsproject\mymqttproject\visualgdb\debug\_3_\mylibraries\mqtt\mqttpacket\src\mqttformat.o
c:\myprojects\homecontroller2\w5500project\vsproject\mymqttproject\visualgdb\debug\_3_\mylibraries\mqtt\mqttpacket\src\mqttpacket.o
c:\myprojects\homecontroller2\w5500project\vsproject\mymqttproject\visualgdb\debug\_3_\mylibraries\mqtt\mqttpacket\src\mqttserializepublish.o
c:\myprojects\homecontroller2\w5500project\vsproject\mymqttproject\visualgdb\debug\_3_\mylibraries\mqtt\mqttpacket\src\mqttsubscribeclient.o
c:\myprojects\homecontroller2\w5500project\vsproject\mymqttproject\visualgdb\debug\_3_\mylibraries\mqtt\mqttpacket\src\mqttsubscribeserver.o
c:\myprojects\homecontroller2\w5500project\vsproject\mymqttproject\visualgdb\debug\_3_\mylibraries\mqtt\mqttpacket\src\mqttunsubscribeclient.o
c:\myprojects\homecontroller2\w5500project\vsproject\mymqttproject\visualgdb\debug\_3_\mylibraries\mqtt\mqttpacket\src\mqttunsubscribeserver.o
c:\myprojects\homecontroller2\w5500project\vsproject\mymqttproject\visualgdb\debug\_3_\mylibraries\mqtt\mqttpacket\src\mqttconnectclient.dep
c:\myprojects\homecontroller2\w5500project\vsproject\mymqttproject\visualgdb\debug\_3_\mylibraries\mqtt\mqttpacket\src\mqttconnectserver.dep
c:\myprojects\homecontroller2\w5500project\vsproject\mymqttproject\visualgdb\debug\_3_\mylibraries\mqtt\mqttpacket\src\mqttdeserializepublish.dep
c:\myprojects\homecontroller2\w5500project\vsproject\mymqttproject\visualgdb\debug\_3_\mylibraries\mqtt\mqttpacket\src\mqttformat.dep
c:\myprojects\homecontroller2\w5500project\vsproject\mymqttproject\visualgdb\debug\_3_\mylibraries\mqtt\mqttpacket\src\mqttpacket.dep
c:\myprojects\homecontroller2\w5500project\vsproject\mymqttproject\visualgdb\debug\_3_\mylibraries\mqtt\mqttpacket\src\mqttserializepublish.dep
c:\myprojects\homecontroller2\w5500project\vsproject\mymqttproject\visualgdb\debug\_3_\mylibraries\mqtt\mqttpacket\src\mqttsubscribeclient.dep
c:\myprojects\homecontroller2\w5500project\vsproject\mymqttproject\visualgdb\debug\_3_\mylibraries\mqtt\mqttpacket\src\mqttsubscribeserver.dep
c:\myprojects\homecontroller2\w5500project\vsproject\mymqttproject\visualgdb\debug\_3_\mylibraries\mqtt\mqttpacket\src\mqttunsubscribeclient.dep
c:\myprojects\homecontroller2\w5500project\vsproject\mymqttproject\visualgdb\debug\_3_\mylibraries\mqtt\mqttpacket\src\mqttunsubscribeserver.dep
c:\myprojects\homecontroller2\w5500project\vsproject\mymqttproject\visualgdb\debug\_3_\mylibraries\mqtt\mqttpacket\src\mqttconnectclient.gcc.rsp
c:\myprojects\homecontroller2\w5500project\vsproject\mymqttproject\visualgdb\debug\_3_\mylibraries\mqtt\mqttpacket\src\mqttconnectserver.gcc.rsp
c:\myprojects\homecontroller2\w5500project\vsproject\mymqttproject\visualgdb\debug\_3_\mylibraries\mqtt\mqttpacket\src\mqttdeserializepublish.gcc.rsp
c:\myprojects\homecontroller2\w5500project\vsproject\mymqttproject\visualgdb\debug\_3_\mylibraries\mqtt\mqttpacket\src\mqttformat.gcc.rsp
c:\myprojects\homecontroller2\w5500project\vsproject\mymqttproject\visualgdb\debug\_3_\mylibraries\mqtt\mqttpacket\src\mqttpacket.gcc.rsp
c:\myprojects\homecontroller2\w5500project\vsproject\mymqttproject\visualgdb\debug\_3_\mylibraries\mqtt\mqttpacket\src\mqttserializepublish.gcc.rsp
c:\myprojects\homecontroller2\w5500project\vsproject\mymqttproject\visualgdb\debug\_3_\mylibraries\mqtt\mqttpacket\src\mqttsubscribeclient.gcc.rsp
c:\myprojects\homecontroller2\w5500project\vsproject\mymqttproject\visualgdb\debug\_3_\mylibraries\mqtt\mqttpacket\src\mqttsubscribeserver.gcc.rsp
c:\myprojects\homecontroller2\w5500project\vsproject\mymqttproject\visualgdb\debug\_3_\mylibraries\mqtt\mqttpacket\src\mqttunsubscribeclient.gcc.rsp
c:\myprojects\homecontroller2\w5500project\vsproject\mymqttproject\visualgdb\debug\_3_\mylibraries\mqtt\mqttpacket\src\mqttunsubscribeserver.gcc.rsp
c:\myprojects\homecontroller2\w5500project\vsproject\mymqttproject\visualgdb\debug\_3_\mylibraries\w5500\socket.o
c:\myprojects\homecontroller2\w5500project\vsproject\mymqttproject\visualgdb\debug\_3_\mylibraries\w5500\w5500.o
c:\myprojects\homecontroller2\w5500project\vsproject\mymqttproject\visualgdb\debug\_3_\mylibraries\w5500\wizchip_conf.o
c:\myprojects\homecontroller2\w5500project\vsproject\mymqttproject\visualgdb\debug\_3_\mylibraries\w5500\socket.dep
c:\myprojects\homecontroller2\w5500project\vsproject\mymqttproject\visualgdb\debug\_3_\mylibraries\w5500\w5500.dep
c:\myprojects\homecontroller2\w5500project\vsproject\mymqttproject\visualgdb\debug\_3_\mylibraries\w5500\wizchip_conf.dep
c:\myprojects\homecontroller2\w5500project\vsproject\mymqttproject\visualgdb\debug\_3_\mylibraries\w5500\socket.gcc.rsp
c:\myprojects\homecontroller2\w5500project\vsproject\mymqttproject\visualgdb\debug\_3_\mylibraries\w5500\w5500.gcc.rsp
c:\myprojects\homecontroller2\w5500project\vsproject\mymqttproject\visualgdb\debug\_3_\mylibraries\w5500\wizchip_conf.gcc.rsp
c:\myprojects\homecontroller2\w5500project\vsproject\mymqttproject\visualgdb\debug\_2_\ewarm\startup_stm32f103xb.gcc.rsp
c:\myprojects\homecontroller2\w5500project\vsproject\mymqttproject\visualgdb\debug\_2_\src\freertos.o
c:\myprojects\homecontroller2\w5500project\vsproject\mymqttproject\visualgdb\debug\_2_\src\main.o
c:\myprojects\homecontroller2\w5500project\vsproject\mymqttproject\visualgdb\debug\_2_\src\stm32f1xx_hal_msp.o
c:\myprojects\homecontroller2\w5500project\vsproject\mymqttproject\visualgdb\debug\_2_\src\stm32f1xx_hal_timebase_tim.o
c:\myprojects\homecontroller2\w5500project\vsproject\mymqttproject\visualgdb\debug\_2_\src\stm32f1xx_it.o
c:\myprojects\homecontroller2\w5500project\vsproject\mymqttproject\visualgdb\debug\_2_\src\system_stm32f1xx.o
c:\myprojects\homecontroller2\w5500project\vsproject\mymqttproject\visualgdb\debug\_2_\src\freertos.dep
c:\myprojects\homecontroller2\w5500project\vsproject\mymqttproject\visualgdb\debug\_2_\src\main.dep
c:\myprojects\homecontroller2\w5500project\vsproject\mymqttproject\visualgdb\debug\_2_\src\stm32f1xx_hal_msp.dep
c:\myprojects\homecontroller2\w5500project\vsproject\mymqttproject\visualgdb\debug\_2_\src\stm32f1xx_hal_timebase_tim.dep
c:\myprojects\homecontroller2\w5500project\vsproject\mymqttproject\visualgdb\debug\_2_\src\stm32f1xx_it.dep
c:\myprojects\homecontroller2\w5500project\vsproject\mymqttproject\visualgdb\debug\_2_\src\system_stm32f1xx.dep
c:\myprojects\homecontroller2\w5500project\vsproject\mymqttproject\visualgdb\debug\_2_\src\freertos.gcc.rsp
c:\myprojects\homecontroller2\w5500project\vsproject\mymqttproject\visualgdb\debug\_2_\src\main.gcc.rsp
c:\myprojects\homecontroller2\w5500project\vsproject\mymqttproject\visualgdb\debug\_2_\src\stm32f1xx_hal_msp.gcc.rsp
c:\myprojects\homecontroller2\w5500project\vsproject\mymqttproject\visualgdb\debug\_2_\src\stm32f1xx_hal_timebase_tim.gcc.rsp
c:\myprojects\homecontroller2\w5500project\vsproject\mymqttproject\visualgdb\debug\_2_\src\stm32f1xx_it.gcc.rsp
c:\myprojects\homecontroller2\w5500project\vsproject\mymqttproject\visualgdb\debug\_2_\src\system_stm32f1xx.gcc.rsp
c:\myprojects\homecontroller2\w5500project\vsproject\mymqttproject\visualgdb\debug\_2_\drivers\stm32f1xx_hal_driver\src\stm32f1xx_hal.o
c:\myprojects\homecontroller2\w5500project\vsproject\mymqttproject\visualgdb\debug\_2_\drivers\stm32f1xx_hal_driver\src\stm32f1xx_hal_cortex.o
c:\myprojects\homecontroller2\w5500project\vsproject\mymqttproject\visualgdb\debug\_2_\drivers\stm32f1xx_hal_driver\src\stm32f1xx_hal_dma.o
c:\myprojects\homecontroller2\w5500project\vsproject\mymqttproject\visualgdb\debug\_2_\drivers\stm32f1xx_hal_driver\src\stm32f1xx_hal_exti.o
c:\myprojects\homecontroller2\w5500project\vsproject\mymqttproject\visualgdb\debug\_2_\drivers\stm32f1xx_hal_driver\src\stm32f1xx_hal_flash.o
c:\myprojects\homecontroller2\w5500project\vsproject\mymqttproject\visualgdb\debug\_2_\drivers\stm32f1xx_hal_driver\src\stm32f1xx_hal_flash_ex.o
c:\myprojects\homecontroller2\w5500project\vsproject\mymqttproject\visualgdb\debug\_2_\drivers\stm32f1xx_hal_driver\src\stm32f1xx_hal_gpio.o
c:\myprojects\homecontroller2\w5500project\vsproject\mymqttproject\visualgdb\debug\_2_\drivers\stm32f1xx_hal_driver\src\stm32f1xx_hal_gpio_ex.o
c:\myprojects\homecontroller2\w5500project\vsproject\mymqttproject\visualgdb\debug\_2_\drivers\stm32f1xx_hal_driver\src\stm32f1xx_hal_pwr.o
c:\myprojects\homecontroller2\w5500project\vsproject\mymqttproject\visualgdb\debug\_2_\drivers\stm32f1xx_hal_driver\src\stm32f1xx_hal_rcc.o
c:\myprojects\homecontroller2\w5500project\vsproject\mymqttproject\visualgdb\debug\_2_\drivers\stm32f1xx_hal_driver\src\stm32f1xx_hal_rcc_ex.o
c:\myprojects\homecontroller2\w5500project\vsproject\mymqttproject\visualgdb\debug\_2_\drivers\stm32f1xx_hal_driver\src\stm32f1xx_hal_spi.o
c:\myprojects\homecontroller2\w5500project\vsproject\mymqttproject\visualgdb\debug\_2_\drivers\stm32f1xx_hal_driver\src\stm32f1xx_hal_tim.o
c:\myprojects\homecontroller2\w5500project\vsproject\mymqttproject\visualgdb\debug\_2_\drivers\stm32f1xx_hal_driver\src\stm32f1xx_hal_tim_ex.o
c:\myprojects\homecontroller2\w5500project\vsproject\mymqttproject\visualgdb\debug\_2_\drivers\stm32f1xx_hal_driver\src\stm32f1xx_hal_uart.o
c:\myprojects\homecontroller2\w5500project\vsproject\mymqttproject\visualgdb\debug\_2_\drivers\stm32f1xx_hal_driver\src\stm32f1xx_hal.dep
c:\myprojects\homecontroller2\w5500project\vsproject\mymqttproject\visualgdb\debug\_2_\drivers\stm32f1xx_hal_driver\src\stm32f1xx_hal_cortex.dep
c:\myprojects\homecontroller2\w5500project\vsproject\mymqttproject\visualgdb\debug\_2_\drivers\stm32f1xx_hal_driver\src\stm32f1xx_hal_dma.dep
c:\myprojects\homecontroller2\w5500project\vsproject\mymqttproject\visualgdb\debug\_2_\drivers\stm32f1xx_hal_driver\src\stm32f1xx_hal_exti.dep
c:\myprojects\homecontroller2\w5500project\vsproject\mymqttproject\visualgdb\debug\_2_\drivers\stm32f1xx_hal_driver\src\stm32f1xx_hal_flash.dep
c:\myprojects\homecontroller2\w5500project\vsproject\mymqttproject\visualgdb\debug\_2_\drivers\stm32f1xx_hal_driver\src\stm32f1xx_hal_flash_ex.dep
c:\myprojects\homecontroller2\w5500project\vsproject\mymqttproject\visualgdb\debug\_2_\drivers\stm32f1xx_hal_driver\src\stm32f1xx_hal_gpio.dep
c:\myprojects\homecontroller2\w5500project\vsproject\mymqttproject\visualgdb\debug\_2_\drivers\stm32f1xx_hal_driver\src\stm32f1xx_hal_gpio_ex.dep
c:\myprojects\homecontroller2\w5500project\vsproject\mymqttproject\visualgdb\debug\_2_\drivers\stm32f1xx_hal_driver\src\stm32f1xx_hal_pwr.dep
c:\myprojects\homecontroller2\w5500project\vsproject\mymqttproject\visualgdb\debug\_2_\drivers\stm32f1xx_hal_driver\src\stm32f1xx_hal_rcc.dep
c:\myprojects\homecontroller2\w5500project\vsproject\mymqttproject\visualgdb\debug\_2_\drivers\stm32f1xx_hal_driver\src\stm32f1xx_hal_rcc_ex.dep
c:\myprojects\homecontroller2\w5500project\vsproject\mymqttproject\visualgdb\debug\_2_\drivers\stm32f1xx_hal_driver\src\stm32f1xx_hal_spi.dep
c:\myprojects\homecontroller2\w5500project\vsproject\mymqttproject\visualgdb\debug\_2_\drivers\stm32f1xx_hal_driver\src\stm32f1xx_hal_tim.dep
c:\myprojects\homecontroller2\w5500project\vsproject\mymqttproject\visualgdb\debug\_2_\drivers\stm32f1xx_hal_driver\src\stm32f1xx_hal_tim_ex.dep
c:\myprojects\homecontroller2\w5500project\vsproject\mymqttproject\visualgdb\debug\_2_\drivers\stm32f1xx_hal_driver\src\stm32f1xx_hal_uart.dep
c:\myprojects\homecontroller2\w5500project\vsproject\mymqttproject\visualgdb\debug\_2_\drivers\stm32f1xx_hal_driver\src\stm32f1xx_hal.gcc.rsp
c:\myprojects\homecontroller2\w5500project\vsproject\mymqttproject\visualgdb\debug\_2_\drivers\stm32f1xx_hal_driver\src\stm32f1xx_hal_cortex.gcc.rsp
c:\myprojects\homecontroller2\w5500project\vsproject\mymqttproject\visualgdb\debug\_2_\drivers\stm32f1xx_hal_driver\src\stm32f1xx_hal_dma.gcc.rsp
c:\myprojects\homecontroller2\w5500project\vsproject\mymqttproject\visualgdb\debug\_2_\drivers\stm32f1xx_hal_driver\src\stm32f1xx_hal_exti.gcc.rsp
c:\myprojects\homecontroller2\w5500project\vsproject\mymqttproject\visualgdb\debug\_2_\drivers\stm32f1xx_hal_driver\src\stm32f1xx_hal_flash.gcc.rsp
c:\myprojects\homecontroller2\w5500project\vsproject\mymqttproject\visualgdb\debug\_2_\drivers\stm32f1xx_hal_driver\src\stm32f1xx_hal_flash_ex.gcc.rsp
c:\myprojects\homecontroller2\w5500project\vsproject\mymqttproject\visualgdb\debug\_2_\drivers\stm32f1xx_hal_driver\src\stm32f1xx_hal_gpio.gcc.rsp
c:\myprojects\homecontroller2\w5500project\vsproject\mymqttproject\visualgdb\debug\_2_\drivers\stm32f1xx_hal_driver\src\stm32f1xx_hal_gpio_ex.gcc.rsp
c:\myprojects\homecontroller2\w5500project\vsproject\mymqttproject\visualgdb\debug\_2_\drivers\stm32f1xx_hal_driver\src\stm32f1xx_hal_pwr.gcc.rsp
c:\myprojects\homecontroller2\w5500project\vsproject\mymqttproject\visualgdb\debug\_2_\drivers\stm32f1xx_hal_driver\src\stm32f1xx_hal_rcc.gcc.rsp
c:\myprojects\homecontroller2\w5500project\vsproject\mymqttproject\visualgdb\debug\_2_\drivers\stm32f1xx_hal_driver\src\stm32f1xx_hal_rcc_ex.gcc.rsp
c:\myprojects\homecontroller2\w5500project\vsproject\mymqttproject\visualgdb\debug\_2_\drivers\stm32f1xx_hal_driver\src\stm32f1xx_hal_spi.gcc.rsp
c:\myprojects\homecontroller2\w5500project\vsproject\mymqttproject\visualgdb\debug\_2_\drivers\stm32f1xx_hal_driver\src\stm32f1xx_hal_tim.gcc.rsp
c:\myprojects\homecontroller2\w5500project\vsproject\mymqttproject\visualgdb\debug\_2_\drivers\stm32f1xx_hal_driver\src\stm32f1xx_hal_tim_ex.gcc.rsp
c:\myprojects\homecontroller2\w5500project\vsproject\mymqttproject\visualgdb\debug\_2_\drivers\stm32f1xx_hal_driver\src\stm32f1xx_hal_uart.gcc.rsp
c:\myprojects\homecontroller2\w5500project\vsproject\mymqttproject\visualgdb\debug\_2_\middlewares\third_party\freertos\source\croutine.o
c:\myprojects\homecontroller2\w5500project\vsproject\mymqttproject\visualgdb\debug\_2_\middlewares\third_party\freertos\source\event_groups.o
c:\myprojects\homecontroller2\w5500project\vsproject\mymqttproject\visualgdb\debug\_2_\middlewares\third_party\freertos\source\list.o
c:\myprojects\homecontroller2\w5500project\vsproject\mymqttproject\visualgdb\debug\_2_\middlewares\third_party\freertos\source\queue.o
c:\myprojects\homecontroller2\w5500project\vsproject\mymqttproject\visualgdb\debug\_2_\middlewares\third_party\freertos\source\stream_buffer.o
c:\myprojects\homecontroller2\w5500project\vsproject\mymqttproject\visualgdb\debug\_2_\middlewares\third_party\freertos\source\tasks.o
c:\myprojects\homecontroller2\w5500project\vsproject\mymqttproject\visualgdb\debug\_2_\middlewares\third_party\freertos\source\timers.o
c:\myprojects\homecontroller2\w5500project\vsproject\mymqttproject\visualgdb\debug\_2_\middlewares\third_party\freertos\source\croutine.dep
c:\myprojects\homecontroller2\w5500project\vsproject\mymqttproject\visualgdb\debug\_2_\middlewares\third_party\freertos\source\event_groups.dep
c:\myprojects\homecontroller2\w5500project\vsproject\mymqttproject\visualgdb\debug\_2_\middlewares\third_party\freertos\source\list.dep
c:\myprojects\homecontroller2\w5500project\vsproject\mymqttproject\visualgdb\debug\_2_\middlewares\third_party\freertos\source\queue.dep
c:\myprojects\homecontroller2\w5500project\vsproject\mymqttproject\visualgdb\debug\_2_\middlewares\third_party\freertos\source\stream_buffer.dep
c:\myprojects\homecontroller2\w5500project\vsproject\mymqttproject\visualgdb\debug\_2_\middlewares\third_party\freertos\source\tasks.dep
c:\myprojects\homecontroller2\w5500project\vsproject\mymqttproject\visualgdb\debug\_2_\middlewares\third_party\freertos\source\timers.dep
c:\myprojects\homecontroller2\w5500project\vsproject\mymqttproject\visualgdb\debug\_2_\middlewares\third_party\freertos\source\croutine.gcc.rsp
c:\myprojects\homecontroller2\w5500project\vsproject\mymqttproject\visualgdb\debug\_2_\middlewares\third_party\freertos\source\event_groups.gcc.rsp
c:\myprojects\homecontroller2\w5500project\vsproject\mymqttproject\visualgdb\debug\_2_\middlewares\third_party\freertos\source\list.gcc.rsp
c:\myprojects\homecontroller2\w5500project\vsproject\mymqttproject\visualgdb\debug\_2_\middlewares\third_party\freertos\source\queue.gcc.rsp
c:\myprojects\homecontroller2\w5500project\vsproject\mymqttproject\visualgdb\debug\_2_\middlewares\third_party\freertos\source\stream_buffer.gcc.rsp
c:\myprojects\homecontroller2\w5500project\vsproject\mymqttproject\visualgdb\debug\_2_\middlewares\third_party\freertos\source\tasks.gcc.rsp
c:\myprojects\homecontroller2\w5500project\vsproject\mymqttproject\visualgdb\debug\_2_\middlewares\third_party\freertos\source\timers.gcc.rsp
c:\myprojects\homecontroller2\w5500project\vsproject\mymqttproject\visualgdb\debug\_2_\middlewares\third_party\freertos\source\cmsis_rtos_v2\cmsis_os2.o
c:\myprojects\homecontroller2\w5500project\vsproject\mymqttproject\visualgdb\debug\_2_\middlewares\third_party\freertos\source\cmsis_rtos_v2\cmsis_os2.dep
c:\myprojects\homecontroller2\w5500project\vsproject\mymqttproject\visualgdb\debug\_2_\middlewares\third_party\freertos\source\cmsis_rtos_v2\cmsis_os2.gcc.rsp
c:\myprojects\homecontroller2\w5500project\vsproject\mymqttproject\visualgdb\debug\_2_\middlewares\third_party\freertos\source\portable\memmang\heap_4.o
c:\myprojects\homecontroller2\w5500project\vsproject\mymqttproject\visualgdb\debug\_2_\middlewares\third_party\freertos\source\portable\memmang\heap_4.dep
c:\myprojects\homecontroller2\w5500project\vsproject\mymqttproject\visualgdb\debug\_2_\middlewares\third_party\freertos\source\portable\memmang\heap_4.gcc.rsp
c:\myprojects\homecontroller2\w5500project\vsproject\mymqttproject\visualgdb\debug\_2_\middlewares\third_party\freertos\source\portable\iar\arm_cm3\port.o
c:\myprojects\homecontroller2\w5500project\vsproject\mymqttproject\visualgdb\debug\_2_\middlewares\third_party\freertos\source\portable\iar\arm_cm3\port.dep
c:\myprojects\homecontroller2\w5500project\vsproject\mymqttproject\visualgdb\debug\_2_\middlewares\third_party\freertos\source\portable\iar\arm_cm3\port.gcc.rsp
c:\myprojects\homecontroller2\w5500project\vsproject\mymqttproject\visualgdb\debug\_2_\middlewares\third_party\freertos\source\portable\iar\arm_cm3\portasm.gcc.rsp
