c:\myprojects\pokazometer\vsproject\pokazometr\visualgdb\debug\pokazometr.link.rsp
c:\myprojects\pokazometer\vsproject\pokazometr\visualgdb\debug\pokazometr.bin
c:\myprojects\pokazometer\vsproject\pokazometr\visualgdb\debug\pokazometr.map
c:\myprojects\pokazometer\vsproject\pokazometr\visualgdb\debug\pokazometr.alldeps
c:\myprojects\pokazometer\vsproject\pokazometr\visualgdb\debug\pokazometr
c:\myprojects\pokazometer\vsproject\pokazometr\visualgdb\debug\pokazometr.mkbin.rsp
c:\myprojects\pokazometer\vsproject\pokazometr\visualgdb\debug\_2_\ewarm\startup_stm32f103xg.o
c:\myprojects\pokazometer\vsproject\pokazometr\visualgdb\debug\_2_\ewarm\startup_stm32f103xg.dep
c:\myprojects\pokazometer\vsproject\pokazometr\visualgdb\debug\_2_\ewarm\startup_stm32f103xg.gcc.rsp
c:\myprojects\pokazometer\vsproject\pokazometr\visualgdb\debug\_2_\src\bme280.o
c:\myprojects\pokazometer\vsproject\pokazometr\visualgdb\debug\_2_\src\ds18b20.o
c:\myprojects\pokazometer\vsproject\pokazometr\visualgdb\debug\_2_\src\freertos.o
c:\myprojects\pokazometer\vsproject\pokazometr\visualgdb\debug\_2_\src\glcd.o
c:\myprojects\pokazometer\vsproject\pokazometr\visualgdb\debug\_2_\src\main.o
c:\myprojects\pokazometer\vsproject\pokazometr\visualgdb\debug\_2_\src\stm32f1xx_hal_msp.o
c:\myprojects\pokazometer\vsproject\pokazometr\visualgdb\debug\_2_\src\stm32f1xx_hal_timebase_tim.o
c:\myprojects\pokazometer\vsproject\pokazometr\visualgdb\debug\_2_\src\stm32f1xx_it.o
c:\myprojects\pokazometer\vsproject\pokazometr\visualgdb\debug\_2_\src\system_stm32f1xx.o
c:\myprojects\pokazometer\vsproject\pokazometr\visualgdb\debug\_2_\src\usbd_conf.o
c:\myprojects\pokazometer\vsproject\pokazometr\visualgdb\debug\_2_\src\usbd_desc.o
c:\myprojects\pokazometer\vsproject\pokazometr\visualgdb\debug\_2_\src\usb_device.o
c:\myprojects\pokazometer\vsproject\pokazometr\visualgdb\debug\_2_\src\bme280.dep
c:\myprojects\pokazometer\vsproject\pokazometr\visualgdb\debug\_2_\src\ds18b20.dep
c:\myprojects\pokazometer\vsproject\pokazometr\visualgdb\debug\_2_\src\freertos.dep
c:\myprojects\pokazometer\vsproject\pokazometr\visualgdb\debug\_2_\src\glcd.dep
c:\myprojects\pokazometer\vsproject\pokazometr\visualgdb\debug\_2_\src\main.dep
c:\myprojects\pokazometer\vsproject\pokazometr\visualgdb\debug\_2_\src\stm32f1xx_hal_msp.dep
c:\myprojects\pokazometer\vsproject\pokazometr\visualgdb\debug\_2_\src\stm32f1xx_hal_timebase_tim.dep
c:\myprojects\pokazometer\vsproject\pokazometr\visualgdb\debug\_2_\src\stm32f1xx_it.dep
c:\myprojects\pokazometer\vsproject\pokazometr\visualgdb\debug\_2_\src\system_stm32f1xx.dep
c:\myprojects\pokazometer\vsproject\pokazometr\visualgdb\debug\_2_\src\usbd_conf.dep
c:\myprojects\pokazometer\vsproject\pokazometr\visualgdb\debug\_2_\src\usbd_desc.dep
c:\myprojects\pokazometer\vsproject\pokazometr\visualgdb\debug\_2_\src\usb_device.dep
c:\myprojects\pokazometer\vsproject\pokazometr\visualgdb\debug\_2_\src\bme280.gcc.rsp
c:\myprojects\pokazometer\vsproject\pokazometr\visualgdb\debug\_2_\src\ds18b20.gcc.rsp
c:\myprojects\pokazometer\vsproject\pokazometr\visualgdb\debug\_2_\src\freertos.gcc.rsp
c:\myprojects\pokazometer\vsproject\pokazometr\visualgdb\debug\_2_\src\glcd.gcc.rsp
c:\myprojects\pokazometer\vsproject\pokazometr\visualgdb\debug\_2_\src\main.gcc.rsp
c:\myprojects\pokazometer\vsproject\pokazometr\visualgdb\debug\_2_\src\stm32f1xx_hal_msp.gcc.rsp
c:\myprojects\pokazometer\vsproject\pokazometr\visualgdb\debug\_2_\src\stm32f1xx_hal_timebase_tim.gcc.rsp
c:\myprojects\pokazometer\vsproject\pokazometr\visualgdb\debug\_2_\src\stm32f1xx_it.gcc.rsp
c:\myprojects\pokazometer\vsproject\pokazometr\visualgdb\debug\_2_\src\system_stm32f1xx.gcc.rsp
c:\myprojects\pokazometer\vsproject\pokazometr\visualgdb\debug\_2_\src\usbd_conf.gcc.rsp
c:\myprojects\pokazometer\vsproject\pokazometr\visualgdb\debug\_2_\src\usbd_desc.gcc.rsp
c:\myprojects\pokazometer\vsproject\pokazometr\visualgdb\debug\_2_\src\usb_device.gcc.rsp
c:\myprojects\pokazometer\vsproject\pokazometr\visualgdb\debug\_2_\fonts\myriad_pro_16.o
c:\myprojects\pokazometer\vsproject\pokazometr\visualgdb\debug\_2_\fonts\myriad_pro_16.dep
c:\myprojects\pokazometer\vsproject\pokazometr\visualgdb\debug\_2_\fonts\myriad_pro_16.gcc.rsp
c:\myprojects\pokazometer\vsproject\pokazometr\visualgdb\debug\_2_\drivers\stm32f1xx_hal_driver\src\stm32f1xx_hal.o
c:\myprojects\pokazometer\vsproject\pokazometr\visualgdb\debug\_2_\drivers\stm32f1xx_hal_driver\src\stm32f1xx_hal_cortex.o
c:\myprojects\pokazometer\vsproject\pokazometr\visualgdb\debug\_2_\drivers\stm32f1xx_hal_driver\src\stm32f1xx_hal_dma.o
c:\myprojects\pokazometer\vsproject\pokazometr\visualgdb\debug\_2_\drivers\stm32f1xx_hal_driver\src\stm32f1xx_hal_exti.o
c:\myprojects\pokazometer\vsproject\pokazometr\visualgdb\debug\_2_\drivers\stm32f1xx_hal_driver\src\stm32f1xx_hal_flash.o
c:\myprojects\pokazometer\vsproject\pokazometr\visualgdb\debug\_2_\drivers\stm32f1xx_hal_driver\src\stm32f1xx_hal_flash_ex.o
c:\myprojects\pokazometer\vsproject\pokazometr\visualgdb\debug\_2_\drivers\stm32f1xx_hal_driver\src\stm32f1xx_hal_gpio.o
c:\myprojects\pokazometer\vsproject\pokazometr\visualgdb\debug\_2_\drivers\stm32f1xx_hal_driver\src\stm32f1xx_hal_gpio_ex.o
c:\myprojects\pokazometer\vsproject\pokazometr\visualgdb\debug\_2_\drivers\stm32f1xx_hal_driver\src\stm32f1xx_hal_i2c.o
c:\myprojects\pokazometer\vsproject\pokazometr\visualgdb\debug\_2_\drivers\stm32f1xx_hal_driver\src\stm32f1xx_hal_pcd.o
c:\myprojects\pokazometer\vsproject\pokazometr\visualgdb\debug\_2_\drivers\stm32f1xx_hal_driver\src\stm32f1xx_hal_pcd_ex.o
c:\myprojects\pokazometer\vsproject\pokazometr\visualgdb\debug\_2_\drivers\stm32f1xx_hal_driver\src\stm32f1xx_hal_pwr.o
c:\myprojects\pokazometer\vsproject\pokazometr\visualgdb\debug\_2_\drivers\stm32f1xx_hal_driver\src\stm32f1xx_hal_rcc.o
c:\myprojects\pokazometer\vsproject\pokazometr\visualgdb\debug\_2_\drivers\stm32f1xx_hal_driver\src\stm32f1xx_hal_rcc_ex.o
c:\myprojects\pokazometer\vsproject\pokazometr\visualgdb\debug\_2_\drivers\stm32f1xx_hal_driver\src\stm32f1xx_hal_rtc.o
c:\myprojects\pokazometer\vsproject\pokazometr\visualgdb\debug\_2_\drivers\stm32f1xx_hal_driver\src\stm32f1xx_hal_rtc_ex.o
c:\myprojects\pokazometer\vsproject\pokazometr\visualgdb\debug\_2_\drivers\stm32f1xx_hal_driver\src\stm32f1xx_hal_sram.o
c:\myprojects\pokazometer\vsproject\pokazometr\visualgdb\debug\_2_\drivers\stm32f1xx_hal_driver\src\stm32f1xx_hal_tim.o
c:\myprojects\pokazometer\vsproject\pokazometr\visualgdb\debug\_2_\drivers\stm32f1xx_hal_driver\src\stm32f1xx_hal_tim_ex.o
c:\myprojects\pokazometer\vsproject\pokazometr\visualgdb\debug\_2_\drivers\stm32f1xx_hal_driver\src\stm32f1xx_hal_uart.o
c:\myprojects\pokazometer\vsproject\pokazometr\visualgdb\debug\_2_\drivers\stm32f1xx_hal_driver\src\stm32f1xx_ll_fsmc.o
c:\myprojects\pokazometer\vsproject\pokazometr\visualgdb\debug\_2_\drivers\stm32f1xx_hal_driver\src\stm32f1xx_ll_usb.o
c:\myprojects\pokazometer\vsproject\pokazometr\visualgdb\debug\_2_\drivers\stm32f1xx_hal_driver\src\stm32f1xx_hal.dep
c:\myprojects\pokazometer\vsproject\pokazometr\visualgdb\debug\_2_\drivers\stm32f1xx_hal_driver\src\stm32f1xx_hal_cortex.dep
c:\myprojects\pokazometer\vsproject\pokazometr\visualgdb\debug\_2_\drivers\stm32f1xx_hal_driver\src\stm32f1xx_hal_dma.dep
c:\myprojects\pokazometer\vsproject\pokazometr\visualgdb\debug\_2_\drivers\stm32f1xx_hal_driver\src\stm32f1xx_hal_exti.dep
c:\myprojects\pokazometer\vsproject\pokazometr\visualgdb\debug\_2_\drivers\stm32f1xx_hal_driver\src\stm32f1xx_hal_flash.dep
c:\myprojects\pokazometer\vsproject\pokazometr\visualgdb\debug\_2_\drivers\stm32f1xx_hal_driver\src\stm32f1xx_hal_flash_ex.dep
c:\myprojects\pokazometer\vsproject\pokazometr\visualgdb\debug\_2_\drivers\stm32f1xx_hal_driver\src\stm32f1xx_hal_gpio.dep
c:\myprojects\pokazometer\vsproject\pokazometr\visualgdb\debug\_2_\drivers\stm32f1xx_hal_driver\src\stm32f1xx_hal_gpio_ex.dep
c:\myprojects\pokazometer\vsproject\pokazometr\visualgdb\debug\_2_\drivers\stm32f1xx_hal_driver\src\stm32f1xx_hal_i2c.dep
c:\myprojects\pokazometer\vsproject\pokazometr\visualgdb\debug\_2_\drivers\stm32f1xx_hal_driver\src\stm32f1xx_hal_pcd.dep
c:\myprojects\pokazometer\vsproject\pokazometr\visualgdb\debug\_2_\drivers\stm32f1xx_hal_driver\src\stm32f1xx_hal_pcd_ex.dep
c:\myprojects\pokazometer\vsproject\pokazometr\visualgdb\debug\_2_\drivers\stm32f1xx_hal_driver\src\stm32f1xx_hal_pwr.dep
c:\myprojects\pokazometer\vsproject\pokazometr\visualgdb\debug\_2_\drivers\stm32f1xx_hal_driver\src\stm32f1xx_hal_rcc.dep
c:\myprojects\pokazometer\vsproject\pokazometr\visualgdb\debug\_2_\drivers\stm32f1xx_hal_driver\src\stm32f1xx_hal_rcc_ex.dep
c:\myprojects\pokazometer\vsproject\pokazometr\visualgdb\debug\_2_\drivers\stm32f1xx_hal_driver\src\stm32f1xx_hal_rtc.dep
c:\myprojects\pokazometer\vsproject\pokazometr\visualgdb\debug\_2_\drivers\stm32f1xx_hal_driver\src\stm32f1xx_hal_rtc_ex.dep
c:\myprojects\pokazometer\vsproject\pokazometr\visualgdb\debug\_2_\drivers\stm32f1xx_hal_driver\src\stm32f1xx_hal_sram.dep
c:\myprojects\pokazometer\vsproject\pokazometr\visualgdb\debug\_2_\drivers\stm32f1xx_hal_driver\src\stm32f1xx_hal_tim.dep
c:\myprojects\pokazometer\vsproject\pokazometr\visualgdb\debug\_2_\drivers\stm32f1xx_hal_driver\src\stm32f1xx_hal_tim_ex.dep
c:\myprojects\pokazometer\vsproject\pokazometr\visualgdb\debug\_2_\drivers\stm32f1xx_hal_driver\src\stm32f1xx_hal_uart.dep
c:\myprojects\pokazometer\vsproject\pokazometr\visualgdb\debug\_2_\drivers\stm32f1xx_hal_driver\src\stm32f1xx_ll_fsmc.dep
c:\myprojects\pokazometer\vsproject\pokazometr\visualgdb\debug\_2_\drivers\stm32f1xx_hal_driver\src\stm32f1xx_ll_usb.dep
c:\myprojects\pokazometer\vsproject\pokazometr\visualgdb\debug\_2_\drivers\stm32f1xx_hal_driver\src\stm32f1xx_hal.gcc.rsp
c:\myprojects\pokazometer\vsproject\pokazometr\visualgdb\debug\_2_\drivers\stm32f1xx_hal_driver\src\stm32f1xx_hal_cortex.gcc.rsp
c:\myprojects\pokazometer\vsproject\pokazometr\visualgdb\debug\_2_\drivers\stm32f1xx_hal_driver\src\stm32f1xx_hal_dma.gcc.rsp
c:\myprojects\pokazometer\vsproject\pokazometr\visualgdb\debug\_2_\drivers\stm32f1xx_hal_driver\src\stm32f1xx_hal_exti.gcc.rsp
c:\myprojects\pokazometer\vsproject\pokazometr\visualgdb\debug\_2_\drivers\stm32f1xx_hal_driver\src\stm32f1xx_hal_flash.gcc.rsp
c:\myprojects\pokazometer\vsproject\pokazometr\visualgdb\debug\_2_\drivers\stm32f1xx_hal_driver\src\stm32f1xx_hal_flash_ex.gcc.rsp
c:\myprojects\pokazometer\vsproject\pokazometr\visualgdb\debug\_2_\drivers\stm32f1xx_hal_driver\src\stm32f1xx_hal_gpio.gcc.rsp
c:\myprojects\pokazometer\vsproject\pokazometr\visualgdb\debug\_2_\drivers\stm32f1xx_hal_driver\src\stm32f1xx_hal_gpio_ex.gcc.rsp
c:\myprojects\pokazometer\vsproject\pokazometr\visualgdb\debug\_2_\drivers\stm32f1xx_hal_driver\src\stm32f1xx_hal_i2c.gcc.rsp
c:\myprojects\pokazometer\vsproject\pokazometr\visualgdb\debug\_2_\drivers\stm32f1xx_hal_driver\src\stm32f1xx_hal_pcd.gcc.rsp
c:\myprojects\pokazometer\vsproject\pokazometr\visualgdb\debug\_2_\drivers\stm32f1xx_hal_driver\src\stm32f1xx_hal_pcd_ex.gcc.rsp
c:\myprojects\pokazometer\vsproject\pokazometr\visualgdb\debug\_2_\drivers\stm32f1xx_hal_driver\src\stm32f1xx_hal_pwr.gcc.rsp
c:\myprojects\pokazometer\vsproject\pokazometr\visualgdb\debug\_2_\drivers\stm32f1xx_hal_driver\src\stm32f1xx_hal_rcc.gcc.rsp
c:\myprojects\pokazometer\vsproject\pokazometr\visualgdb\debug\_2_\drivers\stm32f1xx_hal_driver\src\stm32f1xx_hal_rcc_ex.gcc.rsp
c:\myprojects\pokazometer\vsproject\pokazometr\visualgdb\debug\_2_\drivers\stm32f1xx_hal_driver\src\stm32f1xx_hal_rtc.gcc.rsp
c:\myprojects\pokazometer\vsproject\pokazometr\visualgdb\debug\_2_\drivers\stm32f1xx_hal_driver\src\stm32f1xx_hal_rtc_ex.gcc.rsp
c:\myprojects\pokazometer\vsproject\pokazometr\visualgdb\debug\_2_\drivers\stm32f1xx_hal_driver\src\stm32f1xx_hal_sram.gcc.rsp
c:\myprojects\pokazometer\vsproject\pokazometr\visualgdb\debug\_2_\drivers\stm32f1xx_hal_driver\src\stm32f1xx_hal_tim.gcc.rsp
c:\myprojects\pokazometer\vsproject\pokazometr\visualgdb\debug\_2_\drivers\stm32f1xx_hal_driver\src\stm32f1xx_hal_tim_ex.gcc.rsp
c:\myprojects\pokazometer\vsproject\pokazometr\visualgdb\debug\_2_\drivers\stm32f1xx_hal_driver\src\stm32f1xx_hal_uart.gcc.rsp
c:\myprojects\pokazometer\vsproject\pokazometr\visualgdb\debug\_2_\drivers\stm32f1xx_hal_driver\src\stm32f1xx_ll_fsmc.gcc.rsp
c:\myprojects\pokazometer\vsproject\pokazometr\visualgdb\debug\_2_\drivers\stm32f1xx_hal_driver\src\stm32f1xx_ll_usb.gcc.rsp
c:\myprojects\pokazometer\vsproject\pokazometr\visualgdb\debug\_2_\middlewares\third_party\freertos\source\croutine.o
c:\myprojects\pokazometer\vsproject\pokazometr\visualgdb\debug\_2_\middlewares\third_party\freertos\source\event_groups.o
c:\myprojects\pokazometer\vsproject\pokazometr\visualgdb\debug\_2_\middlewares\third_party\freertos\source\list.o
c:\myprojects\pokazometer\vsproject\pokazometr\visualgdb\debug\_2_\middlewares\third_party\freertos\source\queue.o
c:\myprojects\pokazometer\vsproject\pokazometr\visualgdb\debug\_2_\middlewares\third_party\freertos\source\stream_buffer.o
c:\myprojects\pokazometer\vsproject\pokazometr\visualgdb\debug\_2_\middlewares\third_party\freertos\source\tasks.o
c:\myprojects\pokazometer\vsproject\pokazometr\visualgdb\debug\_2_\middlewares\third_party\freertos\source\timers.o
c:\myprojects\pokazometer\vsproject\pokazometr\visualgdb\debug\_2_\middlewares\third_party\freertos\source\croutine.dep
c:\myprojects\pokazometer\vsproject\pokazometr\visualgdb\debug\_2_\middlewares\third_party\freertos\source\event_groups.dep
c:\myprojects\pokazometer\vsproject\pokazometr\visualgdb\debug\_2_\middlewares\third_party\freertos\source\list.dep
c:\myprojects\pokazometer\vsproject\pokazometr\visualgdb\debug\_2_\middlewares\third_party\freertos\source\queue.dep
c:\myprojects\pokazometer\vsproject\pokazometr\visualgdb\debug\_2_\middlewares\third_party\freertos\source\stream_buffer.dep
c:\myprojects\pokazometer\vsproject\pokazometr\visualgdb\debug\_2_\middlewares\third_party\freertos\source\tasks.dep
c:\myprojects\pokazometer\vsproject\pokazometr\visualgdb\debug\_2_\middlewares\third_party\freertos\source\timers.dep
c:\myprojects\pokazometer\vsproject\pokazometr\visualgdb\debug\_2_\middlewares\third_party\freertos\source\croutine.gcc.rsp
c:\myprojects\pokazometer\vsproject\pokazometr\visualgdb\debug\_2_\middlewares\third_party\freertos\source\event_groups.gcc.rsp
c:\myprojects\pokazometer\vsproject\pokazometr\visualgdb\debug\_2_\middlewares\third_party\freertos\source\list.gcc.rsp
c:\myprojects\pokazometer\vsproject\pokazometr\visualgdb\debug\_2_\middlewares\third_party\freertos\source\queue.gcc.rsp
c:\myprojects\pokazometer\vsproject\pokazometr\visualgdb\debug\_2_\middlewares\third_party\freertos\source\stream_buffer.gcc.rsp
c:\myprojects\pokazometer\vsproject\pokazometr\visualgdb\debug\_2_\middlewares\third_party\freertos\source\tasks.gcc.rsp
c:\myprojects\pokazometer\vsproject\pokazometr\visualgdb\debug\_2_\middlewares\third_party\freertos\source\timers.gcc.rsp
c:\myprojects\pokazometer\vsproject\pokazometr\visualgdb\debug\_2_\middlewares\third_party\freertos\source\cmsis_rtos_v2\cmsis_os2.o
c:\myprojects\pokazometer\vsproject\pokazometr\visualgdb\debug\_2_\middlewares\third_party\freertos\source\cmsis_rtos_v2\cmsis_os2.dep
c:\myprojects\pokazometer\vsproject\pokazometr\visualgdb\debug\_2_\middlewares\third_party\freertos\source\cmsis_rtos_v2\cmsis_os2.gcc.rsp
c:\myprojects\pokazometer\vsproject\pokazometr\visualgdb\debug\_2_\middlewares\third_party\freertos\source\portable\memmang\heap_4.o
c:\myprojects\pokazometer\vsproject\pokazometr\visualgdb\debug\_2_\middlewares\third_party\freertos\source\portable\memmang\heap_4.dep
c:\myprojects\pokazometer\vsproject\pokazometr\visualgdb\debug\_2_\middlewares\third_party\freertos\source\portable\memmang\heap_4.gcc.rsp
c:\myprojects\pokazometer\vsproject\pokazometr\visualgdb\debug\_2_\middlewares\third_party\freertos\source\portable\iar\arm_cm3\port.o
c:\myprojects\pokazometer\vsproject\pokazometr\visualgdb\debug\_2_\middlewares\third_party\freertos\source\portable\iar\arm_cm3\portasm.o
c:\myprojects\pokazometer\vsproject\pokazometr\visualgdb\debug\_2_\middlewares\third_party\freertos\source\portable\iar\arm_cm3\port.dep
c:\myprojects\pokazometer\vsproject\pokazometr\visualgdb\debug\_2_\middlewares\third_party\freertos\source\portable\iar\arm_cm3\portasm.dep
c:\myprojects\pokazometer\vsproject\pokazometr\visualgdb\debug\_2_\middlewares\third_party\freertos\source\portable\iar\arm_cm3\port.gcc.rsp
c:\myprojects\pokazometer\vsproject\pokazometr\visualgdb\debug\_2_\middlewares\third_party\freertos\source\portable\iar\arm_cm3\portasm.gcc.rsp
c:\myprojects\pokazometer\vsproject\pokazometr\visualgdb\debug\_2_\middlewares\st\stm32_usb_device_library\core\src\usbd_core.o
c:\myprojects\pokazometer\vsproject\pokazometr\visualgdb\debug\_2_\middlewares\st\stm32_usb_device_library\core\src\usbd_ctlreq.o
c:\myprojects\pokazometer\vsproject\pokazometr\visualgdb\debug\_2_\middlewares\st\stm32_usb_device_library\core\src\usbd_ioreq.o
c:\myprojects\pokazometer\vsproject\pokazometr\visualgdb\debug\_2_\middlewares\st\stm32_usb_device_library\core\src\usbd_core.dep
c:\myprojects\pokazometer\vsproject\pokazometr\visualgdb\debug\_2_\middlewares\st\stm32_usb_device_library\core\src\usbd_ctlreq.dep
c:\myprojects\pokazometer\vsproject\pokazometr\visualgdb\debug\_2_\middlewares\st\stm32_usb_device_library\core\src\usbd_ioreq.dep
c:\myprojects\pokazometer\vsproject\pokazometr\visualgdb\debug\_2_\middlewares\st\stm32_usb_device_library\core\src\usbd_core.gcc.rsp
c:\myprojects\pokazometer\vsproject\pokazometr\visualgdb\debug\_2_\middlewares\st\stm32_usb_device_library\core\src\usbd_ctlreq.gcc.rsp
c:\myprojects\pokazometer\vsproject\pokazometr\visualgdb\debug\_2_\middlewares\st\stm32_usb_device_library\core\src\usbd_ioreq.gcc.rsp
c:\myprojects\pokazometer\vsproject\pokazometr\visualgdb\debug\_2_\middlewares\st\stm32_usb_device_library\class\hid\src\usbd_hid.o
c:\myprojects\pokazometer\vsproject\pokazometr\visualgdb\debug\_2_\middlewares\st\stm32_usb_device_library\class\hid\src\usbd_hid.dep
c:\myprojects\pokazometer\vsproject\pokazometr\visualgdb\debug\_2_\middlewares\st\stm32_usb_device_library\class\hid\src\usbd_hid.gcc.rsp
